[0.104s] DEBUG:colcon:Command line arguments: ['/usr/bin/colcon', 'build']
[0.104s] DEBUG:colcon:Parsed command line arguments: Namespace(log_base=None, log_level=None, verb_name='build', build_base='build', install_base='install', merge_install=False, symlink_install=False, test_result_base=None, continue_on_error=False, executor='parallel', parallel_workers=24, event_handlers=None, ignore_user_meta=False, metas=['./colcon.meta'], base_paths=['.'], packages_ignore=None, packages_ignore_regex=None, paths=None, packages_up_to=None, packages_up_to_regex=None, packages_above=None, packages_above_and_dependencies=None, packages_above_depth=None, packages_select_by_dep=None, packages_skip_by_dep=None, packages_skip_up_to=None, packages_select_build_failed=False, packages_skip_build_finished=False, packages_select_test_failures=False, packages_skip_test_passed=False, packages_select=None, packages_skip=None, packages_select_regex=None, packages_skip_regex=None, packages_start=None, packages_end=None, allow_overriding=[], cmake_args=None, cmake_target=None, cmake_target_skip_unavailable=False, cmake_clean_cache=False, cmake_clean_first=False, cmake_force_configure=False, ament_cmake_args=None, catkin_cmake_args=None, catkin_skip_building_tests=False, mixin_files=None, mixin=None, verb_parser=<colcon_mixin.mixin.mixin_argument.MixinArgumentDecorator object at 0x7156b0459930>, verb_extension=<colcon_core.verb.build.BuildVerb object at 0x7156b05d2fe0>, main=<bound method BuildVerb.main of <colcon_core.verb.build.BuildVerb object at 0x7156b05d2fe0>>, mixin_verb=('build',))
[0.261s] Level 1:colcon.colcon_core.package_discovery:discover_packages(colcon_meta) check parameters
[0.261s] Level 1:colcon.colcon_core.package_discovery:discover_packages(recursive) check parameters
[0.261s] Level 1:colcon.colcon_core.package_discovery:discover_packages(ignore) check parameters
[0.261s] Level 1:colcon.colcon_core.package_discovery:discover_packages(path) check parameters
[0.261s] Level 1:colcon.colcon_core.package_discovery:discover_packages(colcon_meta) discover
[0.262s] Level 1:colcon.colcon_core.package_discovery:discover_packages(recursive) discover
[0.262s] INFO:colcon.colcon_core.package_discovery:Crawling recursively for packages in '/home/javid/ros2ws/ros2ws'
[0.262s] Level 1:colcon.colcon_core.package_identification:_identify(.) by extensions ['ignore', 'ignore_ament_install']
[0.262s] Level 1:colcon.colcon_core.package_identification:_identify(.) by extension 'ignore'
[0.262s] Level 1:colcon.colcon_core.package_identification:_identify(.) by extension 'ignore_ament_install'
[0.262s] Level 1:colcon.colcon_core.package_identification:_identify(.) by extensions ['colcon_pkg']
[0.262s] Level 1:colcon.colcon_core.package_identification:_identify(.) by extension 'colcon_pkg'
[0.262s] Level 1:colcon.colcon_core.package_identification:_identify(.) by extensions ['colcon_meta']
[0.262s] Level 1:colcon.colcon_core.package_identification:_identify(.) by extension 'colcon_meta'
[0.262s] Level 1:colcon.colcon_core.package_identification:_identify(.) by extensions ['ros']
[0.262s] Level 1:colcon.colcon_core.package_identification:_identify(.) by extension 'ros'
[0.273s] Level 1:colcon.colcon_core.package_identification:_identify(.) by extensions ['cmake', 'python']
[0.273s] Level 1:colcon.colcon_core.package_identification:_identify(.) by extension 'cmake'
[0.273s] Level 1:colcon.colcon_core.package_identification:_identify(.) by extension 'python'
[0.273s] Level 1:colcon.colcon_core.package_identification:_identify(.) by extensions ['python_setup_py']
[0.273s] Level 1:colcon.colcon_core.package_identification:_identify(.) by extension 'python_setup_py'
[0.273s] Level 1:colcon.colcon_core.package_identification:_identify(build) by extensions ['ignore', 'ignore_ament_install']
[0.273s] Level 1:colcon.colcon_core.package_identification:_identify(build) by extension 'ignore'
[0.273s] Level 1:colcon.colcon_core.package_identification:_identify(build) ignored
[0.273s] Level 1:colcon.colcon_core.package_identification:_identify(install) by extensions ['ignore', 'ignore_ament_install']
[0.273s] Level 1:colcon.colcon_core.package_identification:_identify(install) by extension 'ignore'
[0.273s] Level 1:colcon.colcon_core.package_identification:_identify(install) ignored
[0.274s] Level 1:colcon.colcon_core.package_identification:_identify(log) by extensions ['ignore', 'ignore_ament_install']
[0.274s] Level 1:colcon.colcon_core.package_identification:_identify(log) by extension 'ignore'
[0.274s] Level 1:colcon.colcon_core.package_identification:_identify(log) ignored
[0.274s] Level 1:colcon.colcon_core.package_identification:_identify(src) by extensions ['ignore', 'ignore_ament_install']
[0.274s] Level 1:colcon.colcon_core.package_identification:_identify(src) by extension 'ignore'
[0.274s] Level 1:colcon.colcon_core.package_identification:_identify(src) by extension 'ignore_ament_install'
[0.274s] Level 1:colcon.colcon_core.package_identification:_identify(src) by extensions ['colcon_pkg']
[0.274s] Level 1:colcon.colcon_core.package_identification:_identify(src) by extension 'colcon_pkg'
[0.274s] Level 1:colcon.colcon_core.package_identification:_identify(src) by extensions ['colcon_meta']
[0.274s] Level 1:colcon.colcon_core.package_identification:_identify(src) by extension 'colcon_meta'
[0.274s] Level 1:colcon.colcon_core.package_identification:_identify(src) by extensions ['ros']
[0.274s] Level 1:colcon.colcon_core.package_identification:_identify(src) by extension 'ros'
[0.274s] Level 1:colcon.colcon_core.package_identification:_identify(src) by extensions ['cmake', 'python']
[0.274s] Level 1:colcon.colcon_core.package_identification:_identify(src) by extension 'cmake'
[0.274s] Level 1:colcon.colcon_core.package_identification:_identify(src) by extension 'python'
[0.274s] Level 1:colcon.colcon_core.package_identification:_identify(src) by extensions ['python_setup_py']
[0.274s] Level 1:colcon.colcon_core.package_identification:_identify(src) by extension 'python_setup_py'
[0.274s] Level 1:colcon.colcon_core.package_identification:_identify(src/openrb_assignment) by extensions ['ignore', 'ignore_ament_install']
[0.275s] Level 1:colcon.colcon_core.package_identification:_identify(src/openrb_assignment) by extension 'ignore'
[0.275s] Level 1:colcon.colcon_core.package_identification:_identify(src/openrb_assignment) by extension 'ignore_ament_install'
[0.275s] Level 1:colcon.colcon_core.package_identification:_identify(src/openrb_assignment) by extensions ['colcon_pkg']
[0.275s] Level 1:colcon.colcon_core.package_identification:_identify(src/openrb_assignment) by extension 'colcon_pkg'
[0.275s] Level 1:colcon.colcon_core.package_identification:_identify(src/openrb_assignment) by extensions ['colcon_meta']
[0.275s] Level 1:colcon.colcon_core.package_identification:_identify(src/openrb_assignment) by extension 'colcon_meta'
[0.275s] Level 1:colcon.colcon_core.package_identification:_identify(src/openrb_assignment) by extensions ['ros']
[0.275s] Level 1:colcon.colcon_core.package_identification:_identify(src/openrb_assignment) by extension 'ros'
[0.277s] DEBUG:colcon.colcon_core.package_identification:Package 'src/openrb_assignment' with type 'ros.ament_python' and name 'openrb_assignment'
[0.277s] Level 1:colcon.colcon_core.package_discovery:discover_packages(recursive) using defaults
[0.277s] Level 1:colcon.colcon_core.package_discovery:discover_packages(ignore) discover
[0.277s] Level 1:colcon.colcon_core.package_discovery:discover_packages(ignore) using defaults
[0.277s] Level 1:colcon.colcon_core.package_discovery:discover_packages(path) discover
[0.277s] Level 1:colcon.colcon_core.package_discovery:discover_packages(path) using defaults
[0.309s] Level 1:colcon.colcon_core.package_discovery:discover_packages(prefix_path) check parameters
[0.309s] Level 1:colcon.colcon_core.package_discovery:discover_packages(prefix_path) discover
[0.311s] DEBUG:colcon.colcon_installed_package_information.package_discovery:Found 1 installed packages in /home/javid/ros2ws/ros2ws/install
[0.312s] DEBUG:colcon.colcon_installed_package_information.package_discovery:Found 272 installed packages in /opt/ros/humble
[0.314s] Level 1:colcon.colcon_core.package_discovery:discover_packages(prefix_path) using defaults
[0.350s] Level 5:colcon.colcon_core.verb:set package 'openrb_assignment' build argument 'cmake_args' from command line to 'None'
[0.350s] Level 5:colcon.colcon_core.verb:set package 'openrb_assignment' build argument 'cmake_target' from command line to 'None'
[0.350s] Level 5:colcon.colcon_core.verb:set package 'openrb_assignment' build argument 'cmake_target_skip_unavailable' from command line to 'False'
[0.350s] Level 5:colcon.colcon_core.verb:set package 'openrb_assignment' build argument 'cmake_clean_cache' from command line to 'False'
[0.351s] Level 5:colcon.colcon_core.verb:set package 'openrb_assignment' build argument 'cmake_clean_first' from command line to 'False'
[0.351s] Level 5:colcon.colcon_core.verb:set package 'openrb_assignment' build argument 'cmake_force_configure' from command line to 'False'
[0.351s] Level 5:colcon.colcon_core.verb:set package 'openrb_assignment' build argument 'ament_cmake_args' from command line to 'None'
[0.351s] Level 5:colcon.colcon_core.verb:set package 'openrb_assignment' build argument 'catkin_cmake_args' from command line to 'None'
[0.351s] Level 5:colcon.colcon_core.verb:set package 'openrb_assignment' build argument 'catkin_skip_building_tests' from command line to 'False'
[0.351s] DEBUG:colcon.colcon_core.verb:Building package 'openrb_assignment' with the following arguments: {'ament_cmake_args': None, 'build_base': '/home/javid/ros2ws/ros2ws/build/openrb_assignment', 'catkin_cmake_args': None, 'catkin_skip_building_tests': False, 'cmake_args': None, 'cmake_clean_cache': False, 'cmake_clean_first': False, 'cmake_force_configure': False, 'cmake_target': None, 'cmake_target_skip_unavailable': False, 'install_base': '/home/javid/ros2ws/ros2ws/install/openrb_assignment', 'merge_install': False, 'path': '/home/javid/ros2ws/ros2ws/src/openrb_assignment', 'symlink_install': False, 'test_result_base': None}
[0.351s] INFO:colcon.colcon_core.executor:Executing jobs using 'parallel' executor
[0.352s] DEBUG:colcon.colcon_parallel_executor.executor.parallel:run_until_complete
[0.352s] INFO:colcon.colcon_ros.task.ament_python.build:Building ROS package in '/home/javid/ros2ws/ros2ws/src/openrb_assignment' with build type 'ament_python'
[0.352s] Level 1:colcon.colcon_core.shell:create_environment_hook('openrb_assignment', 'ament_prefix_path')
[0.354s] INFO:colcon.colcon_core.plugin_system:Skipping extension 'colcon_core.shell.bat': Not used on non-Windows systems
[0.354s] INFO:colcon.colcon_core.shell:Creating environment hook '/home/javid/ros2ws/ros2ws/install/openrb_assignment/share/openrb_assignment/hook/ament_prefix_path.ps1'
[0.355s] INFO:colcon.colcon_core.shell:Creating environment descriptor '/home/javid/ros2ws/ros2ws/install/openrb_assignment/share/openrb_assignment/hook/ament_prefix_path.dsv'
[0.355s] INFO:colcon.colcon_core.shell:Creating environment hook '/home/javid/ros2ws/ros2ws/install/openrb_assignment/share/openrb_assignment/hook/ament_prefix_path.sh'
[0.356s] INFO:colcon.colcon_core.shell:Skip shell extension 'powershell' for command environment: Not usable outside of PowerShell
[0.356s] DEBUG:colcon.colcon_core.shell:Skip shell extension 'dsv' for command environment
[0.601s] INFO:colcon.colcon_core.task.python.build:Building Python package in '/home/javid/ros2ws/ros2ws/src/openrb_assignment'
[0.601s] INFO:colcon.colcon_core.shell:Skip shell extension 'powershell' for command environment: Not usable outside of PowerShell
[0.601s] DEBUG:colcon.colcon_core.shell:Skip shell extension 'dsv' for command environment
[0.909s] DEBUG:colcon.colcon_core.event_handler.log_command:Invoking command in '/home/javid/ros2ws/ros2ws/src/openrb_assignment': PYTHONPATH=/home/javid/ros2ws/ros2ws/build/openrb_assignment/prefix_override:/usr/lib/python3/dist-packages/colcon_core/task/python/colcon_distutils_commands:/home/javid/ros2ws/ros2ws/install/openrb_assignment/lib/python3.10/site-packages:${PYTHONPATH} /usr/bin/python3 -W ignore:setup.py install is deprecated -W ignore:easy_install command is deprecated setup.py egg_info --egg-base ../../build/openrb_assignment build --build-base /home/javid/ros2ws/ros2ws/build/openrb_assignment/build install --record /home/javid/ros2ws/ros2ws/build/openrb_assignment/install.log --single-version-externally-managed install_data
[1.187s] DEBUG:colcon.colcon_core.event_handler.log_command:Invoked command in '/home/javid/ros2ws/ros2ws/src/openrb_assignment' returned '0': PYTHONPATH=/home/javid/ros2ws/ros2ws/build/openrb_assignment/prefix_override:/usr/lib/python3/dist-packages/colcon_core/task/python/colcon_distutils_commands:/home/javid/ros2ws/ros2ws/install/openrb_assignment/lib/python3.10/site-packages:${PYTHONPATH} /usr/bin/python3 -W ignore:setup.py install is deprecated -W ignore:easy_install command is deprecated setup.py egg_info --egg-base ../../build/openrb_assignment build --build-base /home/javid/ros2ws/ros2ws/build/openrb_assignment/build install --record /home/javid/ros2ws/ros2ws/build/openrb_assignment/install.log --single-version-externally-managed install_data
[1.189s] Level 1:colcon.colcon_core.environment:checking '/home/javid/ros2ws/ros2ws/install/openrb_assignment' for CMake module files
[1.189s] Level 1:colcon.colcon_core.environment:checking '/home/javid/ros2ws/ros2ws/install/openrb_assignment' for CMake config files
[1.190s] Level 1:colcon.colcon_core.environment:checking '/home/javid/ros2ws/ros2ws/install/openrb_assignment/lib'
[1.190s] Level 1:colcon.colcon_core.environment:checking '/home/javid/ros2ws/ros2ws/install/openrb_assignment/bin'
[1.190s] Level 1:colcon.colcon_core.environment:checking '/home/javid/ros2ws/ros2ws/install/openrb_assignment/lib/pkgconfig/openrb_assignment.pc'
[1.190s] Level 1:colcon.colcon_core.environment:checking '/home/javid/ros2ws/ros2ws/install/openrb_assignment/lib/python3.10/site-packages'
[1.190s] Level 1:colcon.colcon_core.shell:create_environment_hook('openrb_assignment', 'pythonpath')
[1.191s] INFO:colcon.colcon_core.shell:Creating environment hook '/home/javid/ros2ws/ros2ws/install/openrb_assignment/share/openrb_assignment/hook/pythonpath.ps1'
[1.191s] INFO:colcon.colcon_core.shell:Creating environment descriptor '/home/javid/ros2ws/ros2ws/install/openrb_assignment/share/openrb_assignment/hook/pythonpath.dsv'
[1.191s] INFO:colcon.colcon_core.shell:Creating environment hook '/home/javid/ros2ws/ros2ws/install/openrb_assignment/share/openrb_assignment/hook/pythonpath.sh'
[1.192s] Level 1:colcon.colcon_core.environment:checking '/home/javid/ros2ws/ros2ws/install/openrb_assignment/bin'
[1.192s] Level 1:colcon.colcon_core.environment:create_environment_scripts_only(openrb_assignment)
[1.192s] INFO:colcon.colcon_core.shell:Creating package script '/home/javid/ros2ws/ros2ws/install/openrb_assignment/share/openrb_assignment/package.ps1'
[1.193s] INFO:colcon.colcon_core.shell:Creating package descriptor '/home/javid/ros2ws/ros2ws/install/openrb_assignment/share/openrb_assignment/package.dsv'
[1.194s] INFO:colcon.colcon_core.shell:Creating package script '/home/javid/ros2ws/ros2ws/install/openrb_assignment/share/openrb_assignment/package.sh'
[1.195s] INFO:colcon.colcon_core.shell:Creating package script '/home/javid/ros2ws/ros2ws/install/openrb_assignment/share/openrb_assignment/package.bash'
[1.195s] INFO:colcon.colcon_core.shell:Creating package script '/home/javid/ros2ws/ros2ws/install/openrb_assignment/share/openrb_assignment/package.zsh'
[1.196s] Level 1:colcon.colcon_core.environment:create_file_with_runtime_dependencies(/home/javid/ros2ws/ros2ws/install/openrb_assignment/share/colcon-core/packages/openrb_assignment)
[1.196s] DEBUG:colcon.colcon_parallel_executor.executor.parallel:closing loop
[1.196s] DEBUG:colcon.colcon_parallel_executor.executor.parallel:loop closed
[1.196s] DEBUG:colcon.colcon_parallel_executor.executor.parallel:run_until_complete finished with '0'
[1.197s] DEBUG:colcon.colcon_core.event_reactor:joining thread
[1.201s] INFO:colcon.colcon_core.plugin_system:Skipping extension 'colcon_notification.desktop_notification.terminal_notifier': Not used on non-Darwin systems
[1.201s] INFO:colcon.colcon_core.plugin_system:Skipping extension 'colcon_notification.desktop_notification.win32': Not used on non-Windows systems
[1.201s] INFO:colcon.colcon_notification.desktop_notification:Sending desktop notification using 'notify2'
[1.213s] DEBUG:colcon.colcon_core.event_reactor:joined thread
[1.213s] INFO:colcon.colcon_core.shell:Creating prefix script '/home/javid/ros2ws/ros2ws/install/local_setup.ps1'
[1.215s] INFO:colcon.colcon_core.shell:Creating prefix util module '/home/javid/ros2ws/ros2ws/install/_local_setup_util_ps1.py'
[1.217s] INFO:colcon.colcon_core.shell:Creating prefix chain script '/home/javid/ros2ws/ros2ws/install/setup.ps1'
[1.219s] INFO:colcon.colcon_core.shell:Creating prefix script '/home/javid/ros2ws/ros2ws/install/local_setup.sh'
[1.220s] INFO:colcon.colcon_core.shell:Creating prefix util module '/home/javid/ros2ws/ros2ws/install/_local_setup_util_sh.py'
[1.221s] INFO:colcon.colcon_core.shell:Creating prefix chain script '/home/javid/ros2ws/ros2ws/install/setup.sh'
[1.222s] INFO:colcon.colcon_core.shell:Creating prefix script '/home/javid/ros2ws/ros2ws/install/local_setup.bash'
[1.223s] INFO:colcon.colcon_core.shell:Creating prefix chain script '/home/javid/ros2ws/ros2ws/install/setup.bash'
[1.224s] INFO:colcon.colcon_core.shell:Creating prefix script '/home/javid/ros2ws/ros2ws/install/local_setup.zsh'
[1.224s] INFO:colcon.colcon_core.shell:Creating prefix chain script '/home/javid/ros2ws/ros2ws/install/setup.zsh'
