[0.638s] Invoking command in '/home/javid/ros2ws/ros2ws/src/openrb_assignment': PYTHONPATH=/home/javid/ros2ws/ros2ws/src/openrb_assignment/build/openrb_assignment/prefix_override:/usr/lib/python3/dist-packages/colcon_core/task/python/colcon_distutils_commands:/home/javid/ros2ws/ros2ws/src/openrb_assignment/install/openrb_assignment/lib/python3.10/site-packages:${PYTHONPATH} /usr/bin/python3 -W ignore:setup.py install is deprecated -W ignore:easy_install command is deprecated setup.py egg_info --egg-base build/openrb_assignment build --build-base /home/javid/ros2ws/ros2ws/src/openrb_assignment/build/openrb_assignment/build install --record /home/javid/ros2ws/ros2ws/src/openrb_assignment/build/openrb_assignment/install.log --single-version-externally-managed install_data
[0.902s] running egg_info
[0.902s] writing build/openrb_assignment/openrb_assignment.egg-info/PKG-INFO
[0.903s] writing dependency_links to build/openrb_assignment/openrb_assignment.egg-info/dependency_links.txt
[0.903s] writing entry points to build/openrb_assignment/openrb_assignment.egg-info/entry_points.txt
[0.903s] writing requirements to build/openrb_assignment/openrb_assignment.egg-info/requires.txt
[0.903s] writing top-level names to build/openrb_assignment/openrb_assignment.egg-info/top_level.txt
[0.905s] reading manifest file 'build/openrb_assignment/openrb_assignment.egg-info/SOURCES.txt'
[0.905s] adding license file 'LICENSE'
[0.906s] writing manifest file 'build/openrb_assignment/openrb_assignment.egg-info/SOURCES.txt'
[0.906s] running build
[0.906s] running build_py
[0.907s] running install
[0.907s] running install_lib
[0.909s] running install_data
[0.909s] copying launch/wave_tf_viz.launch.py -> /home/javid/ros2ws/ros2ws/src/openrb_assignment/install/openrb_assignment/share/openrb_assignment/launch
[0.910s] running install_egg_info
[0.912s] removing '/home/javid/ros2ws/ros2ws/src/openrb_assignment/install/openrb_assignment/lib/python3.10/site-packages/openrb_assignment-0.0.0-py3.10.egg-info' (and everything under it)
[0.913s] Copying build/openrb_assignment/openrb_assignment.egg-info to /home/javid/ros2ws/ros2ws/src/openrb_assignment/install/openrb_assignment/lib/python3.10/site-packages/openrb_assignment-0.0.0-py3.10.egg-info
[0.914s] running install_scripts
[0.937s] Installing listener script to /home/javid/ros2ws/ros2ws/src/openrb_assignment/install/openrb_assignment/lib/openrb_assignment
[0.937s] Installing talker script to /home/javid/ros2ws/ros2ws/src/openrb_assignment/install/openrb_assignment/lib/openrb_assignment
[0.938s] Installing wave_tf_broadcaster script to /home/javid/ros2ws/ros2ws/src/openrb_assignment/install/openrb_assignment/lib/openrb_assignment
[0.938s] writing list of installed files to '/home/javid/ros2ws/ros2ws/src/openrb_assignment/build/openrb_assignment/install.log'
[0.964s] Invoked command in '/home/javid/ros2ws/ros2ws/src/openrb_assignment' returned '0': PYTHONPATH=/home/javid/ros2ws/ros2ws/src/openrb_assignment/build/openrb_assignment/prefix_override:/usr/lib/python3/dist-packages/colcon_core/task/python/colcon_distutils_commands:/home/javid/ros2ws/ros2ws/src/openrb_assignment/install/openrb_assignment/lib/python3.10/site-packages:${PYTHONPATH} /usr/bin/python3 -W ignore:setup.py install is deprecated -W ignore:easy_install command is deprecated setup.py egg_info --egg-base build/openrb_assignment build --build-base /home/javid/ros2ws/ros2ws/src/openrb_assignment/build/openrb_assignment/build install --record /home/javid/ros2ws/ros2ws/src/openrb_assignment/build/openrb_assignment/install.log --single-version-externally-managed install_data
