[0.555s] Invoking command in '/home/javid/ros2ws/ros2ws/src/openrb_assignment': PYTHONPATH=/home/javid/ros2ws/ros2ws/build/openrb_assignment/prefix_override:/usr/lib/python3/dist-packages/colcon_core/task/python/colcon_distutils_commands:/home/javid/ros2ws/ros2ws/install/openrb_assignment/lib/python3.10/site-packages:${PYTHONPATH} /usr/bin/python3 -W ignore:setup.py install is deprecated -W ignore:easy_install command is deprecated setup.py egg_info --egg-base ../../build/openrb_assignment build --build-base /home/javid/ros2ws/ros2ws/build/openrb_assignment/build install --record /home/javid/ros2ws/ros2ws/build/openrb_assignment/install.log --single-version-externally-managed install_data
[0.782s] running egg_info
[0.782s] writing ../../build/openrb_assignment/openrb_assignment.egg-info/PKG-INFO
[0.782s] writing dependency_links to ../../build/openrb_assignment/openrb_assignment.egg-info/dependency_links.txt
[0.783s] writing entry points to ../../build/openrb_assignment/openrb_assignment.egg-info/entry_points.txt
[0.783s] writing requirements to ../../build/openrb_assignment/openrb_assignment.egg-info/requires.txt
[0.783s] writing top-level names to ../../build/openrb_assignment/openrb_assignment.egg-info/top_level.txt
[0.784s] reading manifest file '../../build/openrb_assignment/openrb_assignment.egg-info/SOURCES.txt'
[0.785s] adding license file 'LICENSE'
[0.785s] writing manifest file '../../build/openrb_assignment/openrb_assignment.egg-info/SOURCES.txt'
[0.786s] running build
[0.786s] running build_py
[0.786s] copying openrb_assignment/servo_subscriber.py -> /home/javid/ros2ws/ros2ws/build/openrb_assignment/build/lib/openrb_assignment
[0.787s] running install
[0.787s] running install_lib
[0.787s] copying /home/javid/ros2ws/ros2ws/build/openrb_assignment/build/lib/openrb_assignment/servo_subscriber.py -> /home/javid/ros2ws/ros2ws/install/openrb_assignment/lib/python3.10/site-packages/openrb_assignment
[0.788s] byte-compiling /home/javid/ros2ws/ros2ws/install/openrb_assignment/lib/python3.10/site-packages/openrb_assignment/servo_subscriber.py to servo_subscriber.cpython-310.pyc
[0.789s] running install_data
[0.789s] running install_egg_info
[0.792s] removing '/home/javid/ros2ws/ros2ws/install/openrb_assignment/lib/python3.10/site-packages/openrb_assignment-0.0.0-py3.10.egg-info' (and everything under it)
[0.792s] Copying ../../build/openrb_assignment/openrb_assignment.egg-info to /home/javid/ros2ws/ros2ws/install/openrb_assignment/lib/python3.10/site-packages/openrb_assignment-0.0.0-py3.10.egg-info
[0.793s] running install_scripts
[0.812s] Installing listener script to /home/javid/ros2ws/ros2ws/install/openrb_assignment/lib/openrb_assignment
[0.812s] Installing talker script to /home/javid/ros2ws/ros2ws/install/openrb_assignment/lib/openrb_assignment
[0.812s] writing list of installed files to '/home/javid/ros2ws/ros2ws/build/openrb_assignment/install.log'
[0.834s] Invoked command in '/home/javid/ros2ws/ros2ws/src/openrb_assignment' returned '0': PYTHONPATH=/home/javid/ros2ws/ros2ws/build/openrb_assignment/prefix_override:/usr/lib/python3/dist-packages/colcon_core/task/python/colcon_distutils_commands:/home/javid/ros2ws/ros2ws/install/openrb_assignment/lib/python3.10/site-packages:${PYTHONPATH} /usr/bin/python3 -W ignore:setup.py install is deprecated -W ignore:easy_install command is deprecated setup.py egg_info --egg-base ../../build/openrb_assignment build --build-base /home/javid/ros2ws/ros2ws/build/openrb_assignment/build install --record /home/javid/ros2ws/ros2ws/build/openrb_assignment/install.log --single-version-externally-managed install_data
