[0.679s] Invoking command in '/home/javid/ros2ws/ros2ws/src/openrb_assignment': PYTHONPATH=/home/javid/ros2ws/ros2ws/src/openrb_assignment/build/openrb_assignment/prefix_override:/usr/lib/python3/dist-packages/colcon_core/task/python/colcon_distutils_commands:/home/javid/ros2ws/ros2ws/src/openrb_assignment/install/openrb_assignment/lib/python3.10/site-packages:${PYTHONPATH} /usr/bin/python3 -W ignore:setup.py install is deprecated -W ignore:easy_install command is deprecated setup.py egg_info --egg-base build/openrb_assignment build --build-base /home/javid/ros2ws/ros2ws/src/openrb_assignment/build/openrb_assignment/build install --record /home/javid/ros2ws/ros2ws/src/openrb_assignment/build/openrb_assignment/install.log --single-version-externally-managed install_data
[0.948s] running egg_info
[0.949s] writing build/openrb_assignment/openrb_assignment.egg-info/PKG-INFO
[0.949s] writing dependency_links to build/openrb_assignment/openrb_assignment.egg-info/dependency_links.txt
[0.949s] writing entry points to build/openrb_assignment/openrb_assignment.egg-info/entry_points.txt
[0.950s] writing requirements to build/openrb_assignment/openrb_assignment.egg-info/requires.txt
[0.950s] writing top-level names to build/openrb_assignment/openrb_assignment.egg-info/top_level.txt
[0.952s] reading manifest file 'build/openrb_assignment/openrb_assignment.egg-info/SOURCES.txt'
[0.952s] adding license file 'LICENSE'
[0.953s] writing manifest file 'build/openrb_assignment/openrb_assignment.egg-info/SOURCES.txt'
[0.953s] running build
[0.953s] running build_py
[0.954s] copying openrb_assignment/wave_tf_broadcaster.py -> /home/javid/ros2ws/ros2ws/src/openrb_assignment/build/openrb_assignment/build/lib/openrb_assignment
[0.954s] running install
[0.954s] running install_lib
[0.955s] copying /home/javid/ros2ws/ros2ws/src/openrb_assignment/build/openrb_assignment/build/lib/openrb_assignment/wave_tf_broadcaster.py -> /home/javid/ros2ws/ros2ws/src/openrb_assignment/install/openrb_assignment/lib/python3.10/site-packages/openrb_assignment
[0.956s] byte-compiling /home/javid/ros2ws/ros2ws/src/openrb_assignment/install/openrb_assignment/lib/python3.10/site-packages/openrb_assignment/wave_tf_broadcaster.py to wave_tf_broadcaster.cpython-310.pyc
[0.956s] running install_data
[0.957s] copying launch/wave_tf_viz.launch.py -> /home/javid/ros2ws/ros2ws/src/openrb_assignment/install/openrb_assignment/share/openrb_assignment/launch
[0.957s] running install_egg_info
[0.960s] removing '/home/javid/ros2ws/ros2ws/src/openrb_assignment/install/openrb_assignment/lib/python3.10/site-packages/openrb_assignment-0.0.0-py3.10.egg-info' (and everything under it)
[0.960s] Copying build/openrb_assignment/openrb_assignment.egg-info to /home/javid/ros2ws/ros2ws/src/openrb_assignment/install/openrb_assignment/lib/python3.10/site-packages/openrb_assignment-0.0.0-py3.10.egg-info
[0.961s] running install_scripts
[0.982s] Installing listener script to /home/javid/ros2ws/ros2ws/src/openrb_assignment/install/openrb_assignment/lib/openrb_assignment
[0.983s] Installing talker script to /home/javid/ros2ws/ros2ws/src/openrb_assignment/install/openrb_assignment/lib/openrb_assignment
[0.983s] Installing wave_tf_broadcaster script to /home/javid/ros2ws/ros2ws/src/openrb_assignment/install/openrb_assignment/lib/openrb_assignment
[0.983s] writing list of installed files to '/home/javid/ros2ws/ros2ws/src/openrb_assignment/build/openrb_assignment/install.log'
[1.008s] Invoked command in '/home/javid/ros2ws/ros2ws/src/openrb_assignment' returned '0': PYTHONPATH=/home/javid/ros2ws/ros2ws/src/openrb_assignment/build/openrb_assignment/prefix_override:/usr/lib/python3/dist-packages/colcon_core/task/python/colcon_distutils_commands:/home/javid/ros2ws/ros2ws/src/openrb_assignment/install/openrb_assignment/lib/python3.10/site-packages:${PYTHONPATH} /usr/bin/python3 -W ignore:setup.py install is deprecated -W ignore:easy_install command is deprecated setup.py egg_info --egg-base build/openrb_assignment build --build-base /home/javid/ros2ws/ros2ws/src/openrb_assignment/build/openrb_assignment/build install --record /home/javid/ros2ws/ros2ws/src/openrb_assignment/build/openrb_assignment/install.log --single-version-externally-managed install_data
