/home/javid/ros2ws/ros2ws/install/openrb_assignment/lib/python3.10/site-packages/openrb_assignment/dynamixel_client.py
/home/javid/ros2ws/ros2ws/install/openrb_assignment/lib/python3.10/site-packages/openrb_assignment/servo_subscriber.py
/home/javid/ros2ws/ros2ws/install/openrb_assignment/lib/python3.10/site-packages/openrb_assignment/dynamixel_registers.py
/home/javid/ros2ws/ros2ws/install/openrb_assignment/lib/python3.10/site-packages/openrb_assignment/sin_generator.py
/home/javid/ros2ws/ros2ws/install/openrb_assignment/lib/python3.10/site-packages/openrb_assignment/utils.py
/home/javid/ros2ws/ros2ws/install/openrb_assignment/lib/python3.10/site-packages/openrb_assignment/__init__.py
/home/javid/ros2ws/ros2ws/install/openrb_assignment/lib/python3.10/site-packages/openrb_assignment/wave_tf_viz.launch.py
/home/javid/ros2ws/ros2ws/install/openrb_assignment/lib/python3.10/site-packages/openrb_assignment/__pycache__/dynamixel_client.cpython-310.pyc
/home/javid/ros2ws/ros2ws/install/openrb_assignment/lib/python3.10/site-packages/openrb_assignment/__pycache__/servo_subscriber.cpython-310.pyc
/home/javid/ros2ws/ros2ws/install/openrb_assignment/lib/python3.10/site-packages/openrb_assignment/__pycache__/dynamixel_registers.cpython-310.pyc
/home/javid/ros2ws/ros2ws/install/openrb_assignment/lib/python3.10/site-packages/openrb_assignment/__pycache__/sin_generator.cpython-310.pyc
/home/javid/ros2ws/ros2ws/install/openrb_assignment/lib/python3.10/site-packages/openrb_assignment/__pycache__/utils.cpython-310.pyc
/home/javid/ros2ws/ros2ws/install/openrb_assignment/lib/python3.10/site-packages/openrb_assignment/__pycache__/__init__.cpython-310.pyc
/home/javid/ros2ws/ros2ws/install/openrb_assignment/lib/python3.10/site-packages/openrb_assignment/__pycache__/wave_tf_viz.launch.cpython-310.pyc
/home/javid/ros2ws/ros2ws/install/openrb_assignment/share/ament_index/resource_index/packages/openrb_assignment
/home/javid/ros2ws/ros2ws/install/openrb_assignment/share/openrb_assignment/package.xml
/home/javid/ros2ws/ros2ws/install/openrb_assignment/lib/python3.10/site-packages/openrb_assignment-0.0.0-py3.10.egg-info/zip-safe
/home/javid/ros2ws/ros2ws/install/openrb_assignment/lib/python3.10/site-packages/openrb_assignment-0.0.0-py3.10.egg-info/dependency_links.txt
/home/javid/ros2ws/ros2ws/install/openrb_assignment/lib/python3.10/site-packages/openrb_assignment-0.0.0-py3.10.egg-info/entry_points.txt
/home/javid/ros2ws/ros2ws/install/openrb_assignment/lib/python3.10/site-packages/openrb_assignment-0.0.0-py3.10.egg-info/PKG-INFO
/home/javid/ros2ws/ros2ws/install/openrb_assignment/lib/python3.10/site-packages/openrb_assignment-0.0.0-py3.10.egg-info/requires.txt
/home/javid/ros2ws/ros2ws/install/openrb_assignment/lib/python3.10/site-packages/openrb_assignment-0.0.0-py3.10.egg-info/top_level.txt
/home/javid/ros2ws/ros2ws/install/openrb_assignment/lib/python3.10/site-packages/openrb_assignment-0.0.0-py3.10.egg-info/SOURCES.txt
/home/javid/ros2ws/ros2ws/install/openrb_assignment/lib/openrb_assignment/listener
/home/javid/ros2ws/ros2ws/install/openrb_assignment/lib/openrb_assignment/talker
