[0.676s] Invoking command in '/home/javid/ros2ws/ros2ws/src/openrb_assignment': PYTHONPATH=/home/javid/ros2ws/ros2ws/build/openrb_assignment/prefix_override:/usr/lib/python3/dist-packages/colcon_core/task/python/colcon_distutils_commands:/home/javid/ros2ws/ros2ws/install/openrb_assignment/lib/python3.10/site-packages:${PYTHONPATH} /usr/bin/python3 -W ignore:setup.py install is deprecated -W ignore:easy_install command is deprecated setup.py egg_info --egg-base ../../build/openrb_assignment build --build-base /home/javid/ros2ws/ros2ws/build/openrb_assignment/build install --record /home/javid/ros2ws/ros2ws/build/openrb_assignment/install.log --single-version-externally-managed install_data
[0.931s] running egg_info
[0.932s] writing ../../build/openrb_assignment/openrb_assignment.egg-info/PKG-INFO
[0.932s] writing dependency_links to ../../build/openrb_assignment/openrb_assignment.egg-info/dependency_links.txt
[0.932s] writing entry points to ../../build/openrb_assignment/openrb_assignment.egg-info/entry_points.txt
[0.932s] writing requirements to ../../build/openrb_assignment/openrb_assignment.egg-info/requires.txt
[0.932s] writing top-level names to ../../build/openrb_assignment/openrb_assignment.egg-info/top_level.txt
[0.934s] reading manifest file '../../build/openrb_assignment/openrb_assignment.egg-info/SOURCES.txt'
[0.934s] adding license file 'LICENSE'
[0.935s] writing manifest file '../../build/openrb_assignment/openrb_assignment.egg-info/SOURCES.txt'
[0.935s] running build
[0.935s] running build_py
[0.935s] copying openrb_assignment/dynamixel_client.py -> /home/javid/ros2ws/ros2ws/build/openrb_assignment/build/lib/openrb_assignment
[0.936s] copying openrb_assignment/servo_subscriber.py -> /home/javid/ros2ws/ros2ws/build/openrb_assignment/build/lib/openrb_assignment
[0.936s] copying openrb_assignment/sin_generator.py -> /home/javid/ros2ws/ros2ws/build/openrb_assignment/build/lib/openrb_assignment
[0.937s] running install
[0.937s] running install_lib
[0.938s] copying /home/javid/ros2ws/ros2ws/build/openrb_assignment/build/lib/openrb_assignment/dynamixel_client.py -> /home/javid/ros2ws/ros2ws/install/openrb_assignment/lib/python3.10/site-packages/openrb_assignment
[0.938s] copying /home/javid/ros2ws/ros2ws/build/openrb_assignment/build/lib/openrb_assignment/servo_subscriber.py -> /home/javid/ros2ws/ros2ws/install/openrb_assignment/lib/python3.10/site-packages/openrb_assignment
[0.938s] copying /home/javid/ros2ws/ros2ws/build/openrb_assignment/build/lib/openrb_assignment/sin_generator.py -> /home/javid/ros2ws/ros2ws/install/openrb_assignment/lib/python3.10/site-packages/openrb_assignment
[0.939s] byte-compiling /home/javid/ros2ws/ros2ws/install/openrb_assignment/lib/python3.10/site-packages/openrb_assignment/dynamixel_client.py to dynamixel_client.cpython-310.pyc
[0.947s] byte-compiling /home/javid/ros2ws/ros2ws/install/openrb_assignment/lib/python3.10/site-packages/openrb_assignment/servo_subscriber.py to servo_subscriber.cpython-310.pyc
[0.948s] byte-compiling /home/javid/ros2ws/ros2ws/install/openrb_assignment/lib/python3.10/site-packages/openrb_assignment/sin_generator.py to sin_generator.cpython-310.pyc
[0.949s] running install_data
[0.949s] creating /home/javid/ros2ws/ros2ws/install/openrb_assignment/share/openrb_assignment/launch
[0.949s] copying launch/asg2.launch.py -> /home/javid/ros2ws/ros2ws/install/openrb_assignment/share/openrb_assignment/launch
[0.949s] running install_egg_info
[0.951s] removing '/home/javid/ros2ws/ros2ws/install/openrb_assignment/lib/python3.10/site-packages/openrb_assignment-0.0.0-py3.10.egg-info' (and everything under it)
[0.951s] Copying ../../build/openrb_assignment/openrb_assignment.egg-info to /home/javid/ros2ws/ros2ws/install/openrb_assignment/lib/python3.10/site-packages/openrb_assignment-0.0.0-py3.10.egg-info
[0.952s] running install_scripts
[0.972s] Installing listener script to /home/javid/ros2ws/ros2ws/install/openrb_assignment/lib/openrb_assignment
[0.973s] Installing talker script to /home/javid/ros2ws/ros2ws/install/openrb_assignment/lib/openrb_assignment
[0.973s] writing list of installed files to '/home/javid/ros2ws/ros2ws/build/openrb_assignment/install.log'
[0.997s] Invoked command in '/home/javid/ros2ws/ros2ws/src/openrb_assignment' returned '0': PYTHONPATH=/home/javid/ros2ws/ros2ws/build/openrb_assignment/prefix_override:/usr/lib/python3/dist-packages/colcon_core/task/python/colcon_distutils_commands:/home/javid/ros2ws/ros2ws/install/openrb_assignment/lib/python3.10/site-packages:${PYTHONPATH} /usr/bin/python3 -W ignore:setup.py install is deprecated -W ignore:easy_install command is deprecated setup.py egg_info --egg-base ../../build/openrb_assignment build --build-base /home/javid/ros2ws/ros2ws/build/openrb_assignment/build install --record /home/javid/ros2ws/ros2ws/build/openrb_assignment/install.log --single-version-externally-managed install_data
